# test the function ``say_my_name``
test with the command python3 -m doctest -v ./tests/3-say_my_name.txt

============================================================================

>>> say_my_name = __import__('3-say_my_name').say_my_name

============================================================================

SUCCESS CASES:


Test for the 2 arguments given:

>>> say_my_name("First name", "Last name")
My name is First name Last name





CASES ON FAILURE:


Test with 1 argument not a string:

>>> say_my_name(12345, "Razika")
Traceback (most recent call last):
...
TypeError: first_name must be a string

>>> say_my_name("Razika", 3)
Traceback (most recent call last):
...
TypeError: last_name must be a string



Test with more arguments than required:

>>> say_my_name("Razika", "school", "Hello")
Traceback (most recent call last):
...
TypeError: say_my_name() takes from 1 to 2 positional arguments but 3 were given



Test with no argument:

>>> say_my_name()
Traceback (most recent call last):
...
TypeError: say_my_name() missing 1 required positional argument: 'first_name'

>>> say_my_name(None)
Traceback (most recent call last):
...
TypeError: first_name must be a string
